2019-05-20 17:59:18,029 INFO o.a.j.u.JMeterUtils: Setting Locale to en_US
2019-05-20 17:59:18,065 INFO o.a.j.JMeter: Loading system properties from: system.properties
2019-05-20 17:59:18,065 INFO o.a.j.JMeter: Setting System property: sun.net.http.allowRestrictedHeaders=true
2019-05-20 17:59:18,072 INFO o.a.j.JMeter: Copyright (c) 1998-2019 The Apache Software Foundation
2019-05-20 17:59:18,073 INFO o.a.j.JMeter: Version 5.1.1 r1855137
2019-05-20 17:59:18,073 INFO o.a.j.JMeter: java.version=1.8.0_201
2019-05-20 17:59:18,073 INFO o.a.j.JMeter: java.vm.name=OpenJDK 64-Bit Server VM
2019-05-20 17:59:18,073 INFO o.a.j.JMeter: os.name=Linux
2019-05-20 17:59:18,073 INFO o.a.j.JMeter: os.arch=amd64
2019-05-20 17:59:18,073 INFO o.a.j.JMeter: os.version=3.10.0-957.el7.x86_64
2019-05-20 17:59:18,073 INFO o.a.j.JMeter: file.encoding=UTF-8
2019-05-20 17:59:18,074 INFO o.a.j.JMeter: java.awt.headless=true
2019-05-20 17:59:18,074 INFO o.a.j.JMeter: Max memory     =514850816
2019-05-20 17:59:18,074 INFO o.a.j.JMeter: Available Processors =2
2019-05-20 17:59:18,080 INFO o.a.j.JMeter: Default Locale=English (United States)
2019-05-20 17:59:18,081 INFO o.a.j.JMeter: JMeter  Locale=English (United States)
2019-05-20 17:59:18,081 INFO o.a.j.JMeter: JMeterHome=/home/sam/challenges/5_Jmeter/cinema/target/jmeter
2019-05-20 17:59:18,082 INFO o.a.j.JMeter: user.dir  =/home/sam/challenges/5_Jmeter/cinema/target/jmeter/bin
2019-05-20 17:59:18,082 INFO o.a.j.JMeter: PWD       =/home/sam/challenges/5_Jmeter/cinema/target/jmeter/bin
2019-05-20 17:59:18,085 INFO o.a.j.JMeter: IP: 127.0.0.1 Name: localhost FullName: localhost
2019-05-20 17:59:18,090 INFO o.a.j.s.FileServer: Default base='/home/sam/challenges/5_Jmeter/cinema/target/jmeter/bin'
2019-05-20 17:59:18,097 INFO o.a.j.s.FileServer: Set new base='/home/sam/challenges/5_Jmeter/cinema/target/jmeter/testFiles'
2019-05-20 17:59:18,304 INFO o.a.j.s.SaveService: Testplan (JMX) version: 2.2. Testlog (JTL) version: 2.2
2019-05-20 17:59:18,335 INFO o.a.j.s.SaveService: Using SaveService properties file encoding UTF-8
2019-05-20 17:59:18,341 INFO o.a.j.s.SaveService: Using SaveService properties version 5.0
2019-05-20 17:59:18,352 INFO o.a.j.s.SaveService: Loading file: /home/sam/challenges/5_Jmeter/cinema/target/jmeter/testFiles/Cinema.jmx
2019-05-20 17:59:18,429 INFO o.a.j.p.h.s.HTTPSamplerBase: Parser for text/html is org.apache.jmeter.protocol.http.parser.LagartoBasedHtmlParser
2019-05-20 17:59:18,429 INFO o.a.j.p.h.s.HTTPSamplerBase: Parser for application/xhtml+xml is org.apache.jmeter.protocol.http.parser.LagartoBasedHtmlParser
2019-05-20 17:59:18,429 INFO o.a.j.p.h.s.HTTPSamplerBase: Parser for application/xml is org.apache.jmeter.protocol.http.parser.LagartoBasedHtmlParser
2019-05-20 17:59:18,430 INFO o.a.j.p.h.s.HTTPSamplerBase: Parser for text/xml is org.apache.jmeter.protocol.http.parser.LagartoBasedHtmlParser
2019-05-20 17:59:18,430 INFO o.a.j.p.h.s.HTTPSamplerBase: Parser for text/vnd.wap.wml is org.apache.jmeter.protocol.http.parser.RegexpHTMLParser
2019-05-20 17:59:18,430 INFO o.a.j.p.h.s.HTTPSamplerBase: Parser for text/css is org.apache.jmeter.protocol.http.parser.CssParser
2019-05-20 17:59:18,480 INFO o.a.j.JMeter: Creating summariser <summary>
2019-05-20 17:59:18,488 INFO o.a.j.e.StandardJMeterEngine: Running the test!
2019-05-20 17:59:18,493 INFO o.a.j.s.SampleEvent: List of sample_variables: []
2019-05-20 17:59:18,493 INFO o.a.j.s.SampleEvent: List of sample_variables: []
2019-05-20 17:59:18,501 INFO o.a.j.e.u.CompoundVariable: Note: Function class names must contain the string: '.functions.'
2019-05-20 17:59:18,501 INFO o.a.j.e.u.CompoundVariable: Note: Function class names must not contain the string: '.gui.'
2019-05-20 17:59:19,115 INFO o.a.j.JMeter: Running test (1558389559115)
2019-05-20 17:59:19,194 INFO o.a.j.e.StandardJMeterEngine: Starting ThreadGroup: 1 : Users
2019-05-20 17:59:19,194 INFO o.a.j.e.StandardJMeterEngine: Starting 100 threads for group Users.
2019-05-20 17:59:19,194 INFO o.a.j.e.StandardJMeterEngine: Thread will continue on error
2019-05-20 17:59:19,195 INFO o.a.j.t.ThreadGroup: Starting thread group... number=1 threads=100 ramp-up=2 delayedStart=false
2019-05-20 17:59:19,206 INFO o.a.j.t.JMeterThread: Thread started: Users 1-1
2019-05-20 17:59:19,227 INFO o.a.j.t.JMeterThread: Thread started: Users 1-2
2019-05-20 17:59:19,238 INFO o.a.j.p.h.s.HTTPHCAbstractImpl: Local host = localhost
2019-05-20 17:59:19,239 INFO o.a.j.t.JMeterThread: Thread started: Users 1-3
2019-05-20 17:59:19,251 INFO o.a.j.p.h.s.HTTPHC4Impl: HTTP request retry count = 0
2019-05-20 17:59:19,253 INFO o.a.j.s.SampleResult: Note: Sample TimeStamps are START times
2019-05-20 17:59:19,254 INFO o.a.j.s.SampleResult: sampleresult.default.encoding is set to ISO-8859-1
2019-05-20 17:59:19,254 INFO o.a.j.s.SampleResult: sampleresult.useNanoTime=true
2019-05-20 17:59:19,254 INFO o.a.j.s.SampleResult: sampleresult.nanoThreadSleep=5000
2019-05-20 17:59:19,284 INFO o.a.j.t.JMeterThread: Thread started: Users 1-5
2019-05-20 17:59:19,299 INFO o.a.j.t.JMeterThread: Thread started: Users 1-6
2019-05-20 17:59:19,300 INFO o.a.j.t.JMeterThread: Thread started: Users 1-4
2019-05-20 17:59:19,319 INFO o.a.j.t.JMeterThread: Thread started: Users 1-7
2019-05-20 17:59:19,345 INFO o.a.j.t.JMeterThread: Thread started: Users 1-8
2019-05-20 17:59:19,366 INFO o.a.j.t.JMeterThread: Thread started: Users 1-9
2019-05-20 17:59:19,395 INFO o.a.j.t.JMeterThread: Thread started: Users 1-10
2019-05-20 17:59:19,413 INFO o.a.j.t.JMeterThread: Thread started: Users 1-11
2019-05-20 17:59:19,426 INFO o.a.j.t.JMeterThread: Thread started: Users 1-12
2019-05-20 17:59:19,465 INFO o.a.j.t.JMeterThread: Thread started: Users 1-13
2019-05-20 17:59:19,469 INFO o.a.j.t.JMeterThread: Thread started: Users 1-14
2019-05-20 17:59:19,475 INFO o.a.j.t.ThreadGroup: Started thread group number 1
2019-05-20 17:59:19,475 INFO o.a.j.e.StandardJMeterEngine: All thread groups have been started
2019-05-20 17:59:19,478 INFO o.a.j.t.JMeterThread: Thread started: Users 1-15
2019-05-20 17:59:19,497 INFO o.a.j.t.JMeterThread: Thread started: Users 1-16
2019-05-20 17:59:19,534 INFO o.a.j.t.JMeterThread: Thread started: Users 1-17
2019-05-20 17:59:19,539 INFO o.a.j.t.JMeterThread: Thread started: Users 1-18
2019-05-20 17:59:19,557 INFO o.a.j.t.JMeterThread: Thread started: Users 1-19
2019-05-20 17:59:19,585 INFO o.a.j.t.JMeterThread: Thread started: Users 1-20
2019-05-20 17:59:19,604 INFO o.a.j.t.JMeterThread: Thread started: Users 1-21
2019-05-20 17:59:19,619 INFO o.a.j.t.JMeterThread: Thread started: Users 1-22
2019-05-20 17:59:19,642 INFO o.a.j.t.JMeterThread: Thread started: Users 1-23
2019-05-20 17:59:19,657 INFO o.a.j.t.JMeterThread: Thread started: Users 1-24
2019-05-20 17:59:19,682 INFO o.a.j.t.JMeterThread: Thread started: Users 1-25
2019-05-20 17:59:19,704 INFO o.a.j.t.JMeterThread: Thread started: Users 1-26
2019-05-20 17:59:19,728 INFO o.a.j.t.JMeterThread: Thread started: Users 1-27
2019-05-20 17:59:19,748 INFO o.a.j.t.JMeterThread: Thread started: Users 1-28
2019-05-20 17:59:19,766 INFO o.a.j.t.JMeterThread: Thread started: Users 1-29
2019-05-20 17:59:19,785 INFO o.a.j.t.JMeterThread: Thread started: Users 1-30
2019-05-20 17:59:19,804 INFO o.a.j.t.JMeterThread: Thread started: Users 1-31
2019-05-20 17:59:19,823 INFO o.a.j.t.JMeterThread: Thread started: Users 1-32
2019-05-20 17:59:19,844 INFO o.a.j.t.JMeterThread: Thread started: Users 1-33
2019-05-20 17:59:19,859 INFO o.a.j.t.JMeterThread: Thread started: Users 1-34
2019-05-20 17:59:19,882 INFO o.a.j.t.JMeterThread: Thread started: Users 1-35
2019-05-20 17:59:19,906 INFO o.a.j.t.JMeterThread: Thread started: Users 1-36
2019-05-20 17:59:19,923 INFO o.a.j.t.JMeterThread: Thread started: Users 1-37
2019-05-20 17:59:19,943 INFO o.a.j.t.JMeterThread: Thread started: Users 1-38
2019-05-20 17:59:19,966 INFO o.a.j.t.JMeterThread: Thread started: Users 1-39
2019-05-20 17:59:19,988 INFO o.a.j.t.JMeterThread: Thread started: Users 1-40
2019-05-20 17:59:20,008 INFO o.a.j.t.JMeterThread: Thread started: Users 1-41
2019-05-20 17:59:20,019 INFO o.a.j.t.JMeterThread: Thread started: Users 1-42
2019-05-20 17:59:20,062 INFO o.a.j.t.JMeterThread: Thread started: Users 1-43
2019-05-20 17:59:20,064 INFO o.a.j.t.JMeterThread: Thread started: Users 1-44
2019-05-20 17:59:20,077 INFO o.a.j.t.JMeterThread: Thread started: Users 1-45
2019-05-20 17:59:20,098 INFO o.a.j.t.JMeterThread: Thread started: Users 1-46
2019-05-20 17:59:20,125 INFO o.a.j.t.JMeterThread: Thread started: Users 1-47
2019-05-20 17:59:20,158 INFO o.a.j.t.JMeterThread: Thread started: Users 1-48
2019-05-20 17:59:20,162 INFO o.a.j.t.JMeterThread: Thread started: Users 1-49
2019-05-20 17:59:20,177 INFO o.a.j.t.JMeterThread: Thread started: Users 1-50
2019-05-20 17:59:20,197 INFO o.a.j.t.JMeterThread: Thread started: Users 1-51
2019-05-20 17:59:20,224 INFO o.a.j.t.JMeterThread: Thread started: Users 1-52
2019-05-20 17:59:20,252 INFO o.a.j.t.JMeterThread: Thread started: Users 1-53
2019-05-20 17:59:20,261 INFO o.a.j.t.JMeterThread: Thread started: Users 1-54
2019-05-20 17:59:20,281 INFO o.a.j.t.JMeterThread: Thread started: Users 1-55
2019-05-20 17:59:20,296 INFO o.a.j.t.JMeterThread: Thread started: Users 1-56
2019-05-20 17:59:20,317 INFO o.a.j.t.JMeterThread: Thread started: Users 1-57
2019-05-20 17:59:20,335 INFO o.a.j.t.JMeterThread: Thread started: Users 1-58
2019-05-20 17:59:20,364 INFO o.a.j.t.JMeterThread: Thread started: Users 1-59
2019-05-20 17:59:20,378 INFO o.a.j.t.JMeterThread: Thread started: Users 1-60
2019-05-20 17:59:20,399 INFO o.a.j.t.JMeterThread: Thread started: Users 1-61
2019-05-20 17:59:20,425 INFO o.a.j.t.JMeterThread: Thread started: Users 1-62
2019-05-20 17:59:20,437 INFO o.a.j.t.JMeterThread: Thread started: Users 1-63
2019-05-20 17:59:20,456 INFO o.a.j.t.JMeterThread: Thread started: Users 1-64
2019-05-20 17:59:20,476 INFO o.a.j.t.JMeterThread: Thread started: Users 1-65
2019-05-20 17:59:20,510 INFO o.a.j.t.JMeterThread: Thread started: Users 1-66
2019-05-20 17:59:20,547 INFO o.a.j.t.JMeterThread: Thread started: Users 1-67
2019-05-20 17:59:20,560 INFO o.a.j.t.JMeterThread: Thread started: Users 1-68
2019-05-20 17:59:20,567 INFO o.a.j.t.JMeterThread: Thread started: Users 1-69
2019-05-20 17:59:20,585 INFO o.a.j.t.JMeterThread: Thread started: Users 1-70
2019-05-20 17:59:20,618 INFO o.a.j.t.JMeterThread: Thread started: Users 1-71
2019-05-20 17:59:20,630 INFO o.a.j.t.JMeterThread: Thread started: Users 1-72
2019-05-20 17:59:20,645 INFO o.a.j.t.JMeterThread: Thread started: Users 1-73
2019-05-20 17:59:20,669 INFO o.a.j.t.JMeterThread: Thread started: Users 1-74
2019-05-20 17:59:20,685 INFO o.a.j.t.JMeterThread: Thread started: Users 1-75
2019-05-20 17:59:20,711 INFO o.a.j.t.JMeterThread: Thread started: Users 1-76
2019-05-20 17:59:20,726 INFO o.a.j.t.JMeterThread: Thread started: Users 1-77
2019-05-20 17:59:20,743 INFO o.a.j.u.JsseSSLManager: Using default SSL protocol: TLS
2019-05-20 17:59:20,744 INFO o.a.j.u.JsseSSLManager: SSL session context: per-thread
2019-05-20 17:59:20,744 INFO o.a.j.t.JMeterThread: Thread started: Users 1-78
2019-05-20 17:59:20,759 INFO o.a.j.t.JMeterThread: Thread started: Users 1-79
2019-05-20 17:59:20,779 INFO o.a.j.t.JMeterThread: Thread started: Users 1-80
2019-05-20 17:59:20,802 INFO o.a.j.t.JMeterThread: Thread started: Users 1-81
2019-05-20 17:59:20,818 INFO o.a.j.t.JMeterThread: Thread started: Users 1-82
2019-05-20 17:59:20,838 INFO o.a.j.t.JMeterThread: Thread started: Users 1-83
2019-05-20 17:59:20,859 INFO o.a.j.t.JMeterThread: Thread started: Users 1-84
2019-05-20 17:59:20,881 INFO o.a.j.t.JMeterThread: Thread started: Users 1-85
2019-05-20 17:59:20,897 INFO o.a.j.t.JMeterThread: Thread started: Users 1-86
2019-05-20 17:59:20,917 INFO o.a.j.t.JMeterThread: Thread started: Users 1-87
2019-05-20 17:59:20,937 INFO o.a.j.t.JMeterThread: Thread started: Users 1-88
2019-05-20 17:59:20,957 INFO o.a.j.t.JMeterThread: Thread started: Users 1-89
2019-05-20 17:59:20,983 INFO o.a.j.t.JMeterThread: Thread started: Users 1-90
2019-05-20 17:59:20,998 INFO o.a.j.t.JMeterThread: Thread started: Users 1-91
2019-05-20 17:59:21,021 INFO o.a.j.t.JMeterThread: Thread started: Users 1-92
2019-05-20 17:59:21,057 INFO o.a.j.t.JMeterThread: Thread started: Users 1-93
2019-05-20 17:59:21,072 INFO o.a.j.t.JMeterThread: Thread started: Users 1-94
2019-05-20 17:59:21,090 INFO o.a.j.t.JMeterThread: Thread started: Users 1-95
2019-05-20 17:59:21,104 INFO o.a.j.t.JMeterThread: Thread started: Users 1-96
2019-05-20 17:59:21,118 INFO o.a.j.t.JMeterThread: Thread started: Users 1-97
2019-05-20 17:59:21,138 INFO o.a.j.t.JMeterThread: Thread started: Users 1-98
2019-05-20 17:59:21,169 INFO o.a.j.t.JMeterThread: Thread started: Users 1-99
2019-05-20 17:59:21,194 INFO o.a.j.t.JMeterThread: Thread started: Users 1-100
2019-05-20 17:59:23,092 INFO o.a.j.t.JMeterThread: Thread is done: Users 1-25
2019-05-20 17:59:23,093 INFO o.a.j.t.JMeterThread: Thread finished: Users 1-25
2019-05-20 17:59:23,142 INFO o.a.j.t.JMeterThread: Thread is done: Users 1-62
2019-05-20 17:59:23,142 INFO o.a.j.t.JMeterThread: Thread finished: Users 1-62
2019-05-20 17:59:23,250 INFO o.a.j.t.JMeterThread: Thread is done: Users 1-35
2019-05-20 17:59:23,251 INFO o.a.j.t.JMeterThread: Thread finished: Users 1-35
2019-05-20 17:59:23,380 INFO o.a.j.t.JMeterThread: Thread is done: Users 1-41
2019-05-20 17:59:23,380 INFO o.a.j.t.JMeterThread: Thread finished: Users 1-41
2019-05-20 17:59:23,403 INFO o.a.j.t.JMeterThread: Thread is done: Users 1-72
2019-05-20 17:59:23,404 INFO o.a.j.t.JMeterThread: Thread finished: Users 1-72
2019-05-20 17:59:23,455 INFO o.a.j.t.JMeterThread: Thread is done: Users 1-29
2019-05-20 17:59:23,455 INFO o.a.j.t.JMeterThread: Thread finished: Users 1-29
2019-05-20 17:59:23,457 INFO o.a.j.t.JMeterThread: Thread is done: Users 1-28
2019-05-20 17:59:23,458 INFO o.a.j.t.JMeterThread: Thread finished: Users 1-28
2019-05-20 17:59:23,482 INFO o.a.j.t.JMeterThread: Thread is done: Users 1-2
2019-05-20 17:59:23,483 INFO o.a.j.t.JMeterThread: Thread finished: Users 1-2
2019-05-20 17:59:23,595 INFO o.a.j.t.JMeterThread: Thread is done: Users 1-7
2019-05-20 17:59:23,595 INFO o.a.j.t.JMeterThread: Thread finished: Users 1-7
2019-05-20 17:59:23,625 INFO o.a.j.t.JMeterThread: Thread is done: Users 1-44
2019-05-20 17:59:23,625 INFO o.a.j.t.JMeterThread: Thread finished: Users 1-44
2019-05-20 17:59:23,657 INFO o.a.j.t.JMeterThread: Thread is done: Users 1-40
2019-05-20 17:59:23,657 INFO o.a.j.t.JMeterThread: Thread finished: Users 1-40
2019-05-20 17:59:23,659 INFO o.a.j.t.JMeterThread: Thread is done: Users 1-18
2019-05-20 17:59:23,660 INFO o.a.j.t.JMeterThread: Thread finished: Users 1-18
2019-05-20 17:59:23,675 INFO o.a.j.t.JMeterThread: Thread is done: Users 1-94
2019-05-20 17:59:23,676 INFO o.a.j.t.JMeterThread: Thread finished: Users 1-94
2019-05-20 17:59:23,701 INFO o.a.j.t.JMeterThread: Thread is done: Users 1-32
2019-05-20 17:59:23,701 INFO o.a.j.t.JMeterThread: Thread finished: Users 1-32
2019-05-20 17:59:23,708 INFO o.a.j.t.JMeterThread: Thread is done: Users 1-37
2019-05-20 17:59:23,709 INFO o.a.j.t.JMeterThread: Thread finished: Users 1-37
2019-05-20 17:59:23,719 INFO o.a.j.t.JMeterThread: Thread is done: Users 1-42
2019-05-20 17:59:23,719 INFO o.a.j.t.JMeterThread: Thread finished: Users 1-42
2019-05-20 17:59:23,723 INFO o.a.j.t.JMeterThread: Thread is done: Users 1-92
2019-05-20 17:59:23,724 INFO o.a.j.t.JMeterThread: Thread finished: Users 1-92
2019-05-20 17:59:23,725 INFO o.a.j.t.JMeterThread: Thread is done: Users 1-33
2019-05-20 17:59:23,726 INFO o.a.j.t.JMeterThread: Thread finished: Users 1-33
2019-05-20 17:59:23,729 INFO o.a.j.t.JMeterThread: Thread is done: Users 1-9
2019-05-20 17:59:23,729 INFO o.a.j.t.JMeterThread: Thread finished: Users 1-9
2019-05-20 17:59:23,738 INFO o.a.j.t.JMeterThread: Thread is done: Users 1-58
2019-05-20 17:59:23,738 INFO o.a.j.t.JMeterThread: Thread finished: Users 1-58
2019-05-20 17:59:23,743 INFO o.a.j.t.JMeterThread: Thread is done: Users 1-71
2019-05-20 17:59:23,743 INFO o.a.j.t.JMeterThread: Thread finished: Users 1-71
2019-05-20 17:59:23,752 INFO o.a.j.t.JMeterThread: Thread is done: Users 1-57
2019-05-20 17:59:23,752 INFO o.a.j.t.JMeterThread: Thread finished: Users 1-57
2019-05-20 17:59:23,762 INFO o.a.j.t.JMeterThread: Thread is done: Users 1-51
2019-05-20 17:59:23,762 INFO o.a.j.t.JMeterThread: Thread finished: Users 1-51
2019-05-20 17:59:23,763 INFO o.a.j.t.JMeterThread: Thread is done: Users 1-5
2019-05-20 17:59:23,763 INFO o.a.j.t.JMeterThread: Thread finished: Users 1-5
2019-05-20 17:59:23,764 INFO o.a.j.t.JMeterThread: Thread is done: Users 1-39
2019-05-20 17:59:23,764 INFO o.a.j.t.JMeterThread: Thread finished: Users 1-39
2019-05-20 17:59:23,779 INFO o.a.j.t.JMeterThread: Thread is done: Users 1-77
2019-05-20 17:59:23,779 INFO o.a.j.t.JMeterThread: Thread finished: Users 1-77
2019-05-20 17:59:23,785 INFO o.a.j.t.JMeterThread: Thread is done: Users 1-16
2019-05-20 17:59:23,785 INFO o.a.j.t.JMeterThread: Thread finished: Users 1-16
2019-05-20 17:59:23,808 INFO o.a.j.t.JMeterThread: Thread is done: Users 1-56
2019-05-20 17:59:23,808 INFO o.a.j.t.JMeterThread: Thread finished: Users 1-56
2019-05-20 17:59:23,809 INFO o.a.j.t.JMeterThread: Thread is done: Users 1-86
2019-05-20 17:59:23,809 INFO o.a.j.t.JMeterThread: Thread finished: Users 1-86
2019-05-20 17:59:23,810 INFO o.a.j.t.JMeterThread: Thread is done: Users 1-90
2019-05-20 17:59:23,810 INFO o.a.j.t.JMeterThread: Thread finished: Users 1-90
2019-05-20 17:59:23,821 INFO o.a.j.t.JMeterThread: Thread is done: Users 1-10
2019-05-20 17:59:23,821 INFO o.a.j.t.JMeterThread: Thread finished: Users 1-10
2019-05-20 17:59:23,831 INFO o.a.j.t.JMeterThread: Thread is done: Users 1-23
2019-05-20 17:59:23,832 INFO o.a.j.t.JMeterThread: Thread finished: Users 1-23
2019-05-20 17:59:23,855 INFO o.a.j.t.JMeterThread: Thread is done: Users 1-3
2019-05-20 17:59:23,855 INFO o.a.j.t.JMeterThread: Thread finished: Users 1-3
2019-05-20 17:59:23,859 INFO o.a.j.t.JMeterThread: Thread is done: Users 1-93
2019-05-20 17:59:23,859 INFO o.a.j.t.JMeterThread: Thread finished: Users 1-93
2019-05-20 17:59:23,871 INFO o.a.j.t.JMeterThread: Thread is done: Users 1-80
2019-05-20 17:59:23,871 INFO o.a.j.t.JMeterThread: Thread finished: Users 1-80
2019-05-20 17:59:23,875 INFO o.a.j.t.JMeterThread: Thread is done: Users 1-85
2019-05-20 17:59:23,875 INFO o.a.j.t.JMeterThread: Thread finished: Users 1-85
2019-05-20 17:59:23,887 INFO o.a.j.t.JMeterThread: Thread is done: Users 1-45
2019-05-20 17:59:23,887 INFO o.a.j.t.JMeterThread: Thread finished: Users 1-45
2019-05-20 17:59:23,891 INFO o.a.j.t.JMeterThread: Thread is done: Users 1-64
2019-05-20 17:59:23,891 INFO o.a.j.t.JMeterThread: Thread finished: Users 1-64
2019-05-20 17:59:23,897 INFO o.a.j.t.JMeterThread: Thread is done: Users 1-12
2019-05-20 17:59:23,897 INFO o.a.j.t.JMeterThread: Thread finished: Users 1-12
2019-05-20 17:59:23,901 INFO o.a.j.t.JMeterThread: Thread is done: Users 1-30
2019-05-20 17:59:23,901 INFO o.a.j.t.JMeterThread: Thread finished: Users 1-30
2019-05-20 17:59:23,924 INFO o.a.j.t.JMeterThread: Thread is done: Users 1-34
2019-05-20 17:59:23,924 INFO o.a.j.t.JMeterThread: Thread finished: Users 1-34
2019-05-20 17:59:23,929 INFO o.a.j.t.JMeterThread: Thread is done: Users 1-78
2019-05-20 17:59:23,929 INFO o.a.j.t.JMeterThread: Thread finished: Users 1-78
2019-05-20 17:59:23,943 INFO o.a.j.t.JMeterThread: Thread is done: Users 1-55
2019-05-20 17:59:23,944 INFO o.a.j.t.JMeterThread: Thread finished: Users 1-55
2019-05-20 17:59:23,957 INFO o.a.j.t.JMeterThread: Thread is done: Users 1-27
2019-05-20 17:59:23,957 INFO o.a.j.t.JMeterThread: Thread finished: Users 1-27
2019-05-20 17:59:23,968 INFO o.a.j.t.JMeterThread: Thread is done: Users 1-65
2019-05-20 17:59:23,968 INFO o.a.j.t.JMeterThread: Thread finished: Users 1-65
2019-05-20 17:59:23,970 INFO o.a.j.t.JMeterThread: Thread is done: Users 1-31
2019-05-20 17:59:23,970 INFO o.a.j.t.JMeterThread: Thread finished: Users 1-31
2019-05-20 17:59:23,972 INFO o.a.j.t.JMeterThread: Thread is done: Users 1-82
2019-05-20 17:59:23,972 INFO o.a.j.t.JMeterThread: Thread finished: Users 1-82
2019-05-20 17:59:24,002 INFO o.a.j.t.JMeterThread: Thread is done: Users 1-91
2019-05-20 17:59:24,002 INFO o.a.j.t.JMeterThread: Thread finished: Users 1-91
2019-05-20 17:59:24,024 INFO o.a.j.t.JMeterThread: Thread is done: Users 1-8
2019-05-20 17:59:24,024 INFO o.a.j.t.JMeterThread: Thread finished: Users 1-8
2019-05-20 17:59:24,058 INFO o.a.j.t.JMeterThread: Thread is done: Users 1-47
2019-05-20 17:59:24,058 INFO o.a.j.t.JMeterThread: Thread finished: Users 1-47
2019-05-20 17:59:24,063 INFO o.a.j.t.JMeterThread: Thread is done: Users 1-84
2019-05-20 17:59:24,063 INFO o.a.j.t.JMeterThread: Thread finished: Users 1-84
2019-05-20 17:59:24,073 INFO o.a.j.t.JMeterThread: Thread is done: Users 1-81
2019-05-20 17:59:24,073 INFO o.a.j.t.JMeterThread: Thread finished: Users 1-81
2019-05-20 17:59:24,077 INFO o.a.j.t.JMeterThread: Thread is done: Users 1-38
2019-05-20 17:59:24,077 INFO o.a.j.t.JMeterThread: Thread finished: Users 1-38
2019-05-20 17:59:24,120 INFO o.a.j.t.JMeterThread: Thread is done: Users 1-11
2019-05-20 17:59:24,120 INFO o.a.j.t.JMeterThread: Thread finished: Users 1-11
2019-05-20 17:59:24,219 INFO o.a.j.t.JMeterThread: Thread is done: Users 1-21
2019-05-20 17:59:24,219 INFO o.a.j.t.JMeterThread: Thread finished: Users 1-21
2019-05-20 17:59:24,219 INFO o.a.j.t.JMeterThread: Thread is done: Users 1-19
2019-05-20 17:59:24,219 INFO o.a.j.t.JMeterThread: Thread finished: Users 1-19
2019-05-20 17:59:24,223 INFO o.a.j.t.JMeterThread: Thread is done: Users 1-95
2019-05-20 17:59:24,223 INFO o.a.j.t.JMeterThread: Thread finished: Users 1-95
2019-05-20 17:59:24,296 INFO o.a.j.t.JMeterThread: Thread is done: Users 1-99
2019-05-20 17:59:24,296 INFO o.a.j.t.JMeterThread: Thread finished: Users 1-99
2019-05-20 17:59:24,296 INFO o.a.j.t.JMeterThread: Thread is done: Users 1-67
2019-05-20 17:59:24,297 INFO o.a.j.t.JMeterThread: Thread finished: Users 1-67
2019-05-20 17:59:24,338 INFO o.a.j.t.JMeterThread: Thread is done: Users 1-52
2019-05-20 17:59:24,339 INFO o.a.j.t.JMeterThread: Thread finished: Users 1-52
2019-05-20 17:59:24,365 INFO o.a.j.t.JMeterThread: Thread is done: Users 1-48
2019-05-20 17:59:24,365 INFO o.a.j.t.JMeterThread: Thread finished: Users 1-48
2019-05-20 17:59:24,389 INFO o.a.j.t.JMeterThread: Thread is done: Users 1-88
2019-05-20 17:59:24,389 INFO o.a.j.t.JMeterThread: Thread finished: Users 1-88
2019-05-20 17:59:24,392 INFO o.a.j.t.JMeterThread: Thread is done: Users 1-76
2019-05-20 17:59:24,392 INFO o.a.j.t.JMeterThread: Thread finished: Users 1-76
2019-05-20 17:59:24,496 INFO o.a.j.t.JMeterThread: Thread is done: Users 1-66
2019-05-20 17:59:24,496 INFO o.a.j.t.JMeterThread: Thread finished: Users 1-66
2019-05-20 17:59:24,603 INFO o.a.j.t.JMeterThread: Thread is done: Users 1-100
2019-05-20 17:59:24,603 INFO o.a.j.t.JMeterThread: Thread finished: Users 1-100
2019-05-20 17:59:24,642 INFO o.a.j.t.JMeterThread: Thread is done: Users 1-46
2019-05-20 17:59:24,642 INFO o.a.j.t.JMeterThread: Thread finished: Users 1-46
2019-05-20 17:59:24,655 INFO o.a.j.t.JMeterThread: Thread is done: Users 1-70
2019-05-20 17:59:24,655 INFO o.a.j.t.JMeterThread: Thread finished: Users 1-70
2019-05-20 17:59:24,691 INFO o.a.j.t.JMeterThread: Thread is done: Users 1-4
2019-05-20 17:59:24,691 INFO o.a.j.t.JMeterThread: Thread finished: Users 1-4
2019-05-20 17:59:24,709 INFO o.a.j.t.JMeterThread: Thread is done: Users 1-43
2019-05-20 17:59:24,710 INFO o.a.j.t.JMeterThread: Thread finished: Users 1-43
2019-05-20 17:59:24,756 INFO o.a.j.t.JMeterThread: Thread is done: Users 1-59
2019-05-20 17:59:24,756 INFO o.a.j.t.JMeterThread: Thread finished: Users 1-59
2019-05-20 17:59:24,799 INFO o.a.j.t.JMeterThread: Thread is done: Users 1-89
2019-05-20 17:59:24,799 INFO o.a.j.t.JMeterThread: Thread finished: Users 1-89
2019-05-20 17:59:24,849 INFO o.a.j.t.JMeterThread: Thread is done: Users 1-63
2019-05-20 17:59:24,850 INFO o.a.j.t.JMeterThread: Thread finished: Users 1-63
2019-05-20 17:59:24,925 INFO o.a.j.t.JMeterThread: Thread is done: Users 1-74
2019-05-20 17:59:24,925 INFO o.a.j.t.JMeterThread: Thread finished: Users 1-74
2019-05-20 17:59:25,031 INFO o.a.j.t.JMeterThread: Thread is done: Users 1-96
2019-05-20 17:59:25,031 INFO o.a.j.t.JMeterThread: Thread finished: Users 1-96
2019-05-20 17:59:25,076 INFO o.a.j.t.JMeterThread: Thread is done: Users 1-20
2019-05-20 17:59:25,076 INFO o.a.j.t.JMeterThread: Thread finished: Users 1-20
2019-05-20 17:59:25,114 INFO o.a.j.t.JMeterThread: Thread is done: Users 1-73
2019-05-20 17:59:25,114 INFO o.a.j.t.JMeterThread: Thread finished: Users 1-73
2019-05-20 17:59:25,155 INFO o.a.j.t.JMeterThread: Thread is done: Users 1-87
2019-05-20 17:59:25,155 INFO o.a.j.t.JMeterThread: Thread finished: Users 1-87
2019-05-20 17:59:25,176 INFO o.a.j.t.JMeterThread: Thread is done: Users 1-54
2019-05-20 17:59:25,177 INFO o.a.j.t.JMeterThread: Thread finished: Users 1-54
2019-05-20 17:59:25,188 INFO o.a.j.t.JMeterThread: Thread is done: Users 1-13
2019-05-20 17:59:25,189 INFO o.a.j.t.JMeterThread: Thread finished: Users 1-13
2019-05-20 17:59:25,275 INFO o.a.j.t.JMeterThread: Thread is done: Users 1-98
2019-05-20 17:59:25,275 INFO o.a.j.t.JMeterThread: Thread finished: Users 1-98
2019-05-20 17:59:25,292 INFO o.a.j.t.JMeterThread: Thread is done: Users 1-60
2019-05-20 17:59:25,292 INFO o.a.j.t.JMeterThread: Thread finished: Users 1-60
2019-05-20 17:59:25,401 INFO o.a.j.t.JMeterThread: Thread is done: Users 1-69
2019-05-20 17:59:25,401 INFO o.a.j.t.JMeterThread: Thread finished: Users 1-69
2019-05-20 17:59:25,412 INFO o.a.j.t.JMeterThread: Thread is done: Users 1-1
2019-05-20 17:59:25,412 INFO o.a.j.t.JMeterThread: Thread finished: Users 1-1
2019-05-20 17:59:25,439 INFO o.a.j.t.JMeterThread: Thread is done: Users 1-61
2019-05-20 17:59:25,439 INFO o.a.j.t.JMeterThread: Thread finished: Users 1-61
2019-05-20 17:59:25,459 INFO o.a.j.t.JMeterThread: Thread is done: Users 1-49
2019-05-20 17:59:25,459 INFO o.a.j.t.JMeterThread: Thread finished: Users 1-49
2019-05-20 17:59:25,477 INFO o.a.j.t.JMeterThread: Thread is done: Users 1-26
2019-05-20 17:59:25,477 INFO o.a.j.t.JMeterThread: Thread finished: Users 1-26
2019-05-20 17:59:25,489 INFO o.a.j.t.JMeterThread: Thread is done: Users 1-68
2019-05-20 17:59:25,489 INFO o.a.j.t.JMeterThread: Thread finished: Users 1-68
2019-05-20 17:59:25,533 INFO o.a.j.t.JMeterThread: Thread is done: Users 1-24
2019-05-20 17:59:25,533 INFO o.a.j.t.JMeterThread: Thread finished: Users 1-24
2019-05-20 17:59:25,568 INFO o.a.j.t.JMeterThread: Thread is done: Users 1-14
2019-05-20 17:59:25,569 INFO o.a.j.t.JMeterThread: Thread finished: Users 1-14
2019-05-20 17:59:25,573 INFO o.a.j.t.JMeterThread: Thread is done: Users 1-22
2019-05-20 17:59:25,573 INFO o.a.j.t.JMeterThread: Thread finished: Users 1-22
2019-05-20 17:59:25,598 INFO o.a.j.t.JMeterThread: Thread is done: Users 1-6
2019-05-20 17:59:25,598 INFO o.a.j.t.JMeterThread: Thread finished: Users 1-6
2019-05-20 17:59:25,600 INFO o.a.j.t.JMeterThread: Thread is done: Users 1-97
2019-05-20 17:59:25,600 INFO o.a.j.t.JMeterThread: Thread finished: Users 1-97
2019-05-20 17:59:25,606 INFO o.a.j.t.JMeterThread: Thread is done: Users 1-15
2019-05-20 17:59:25,606 INFO o.a.j.t.JMeterThread: Thread finished: Users 1-15
2019-05-20 17:59:25,632 INFO o.a.j.t.JMeterThread: Thread is done: Users 1-50
2019-05-20 17:59:25,633 INFO o.a.j.t.JMeterThread: Thread finished: Users 1-50
2019-05-20 17:59:25,635 INFO o.a.j.t.JMeterThread: Thread is done: Users 1-79
2019-05-20 17:59:25,635 INFO o.a.j.t.JMeterThread: Thread finished: Users 1-79
2019-05-20 17:59:25,642 INFO o.a.j.t.JMeterThread: Thread is done: Users 1-36
2019-05-20 17:59:25,642 INFO o.a.j.t.JMeterThread: Thread finished: Users 1-36
2019-05-20 17:59:25,644 INFO o.a.j.t.JMeterThread: Thread is done: Users 1-53
2019-05-20 17:59:25,644 INFO o.a.j.t.JMeterThread: Thread finished: Users 1-53
2019-05-20 17:59:25,651 INFO o.a.j.t.JMeterThread: Thread is done: Users 1-75
2019-05-20 17:59:25,651 INFO o.a.j.t.JMeterThread: Thread finished: Users 1-75
2019-05-20 17:59:25,658 INFO o.a.j.t.JMeterThread: Thread is done: Users 1-83
2019-05-20 17:59:25,659 INFO o.a.j.t.JMeterThread: Thread finished: Users 1-83
2019-05-20 17:59:25,660 INFO o.a.j.t.JMeterThread: Thread is done: Users 1-17
2019-05-20 17:59:25,661 INFO o.a.j.t.JMeterThread: Thread finished: Users 1-17
2019-05-20 17:59:25,661 INFO o.a.j.e.StandardJMeterEngine: Notifying test listeners of end of test
2019-05-20 17:59:25,663 INFO o.a.j.r.Summariser: summary =   2000 in 00:00:07 =  305.5/s Avg:   206 Min:     1 Max:  3984 Err:     0 (0.00%)
