2019-05-09 04:37:14,121 INFO o.a.j.u.JMeterUtils: Setting Locale to en_US
2019-05-09 04:37:14,149 INFO o.a.j.JMeter: Loading user properties from: user.properties
2019-05-09 04:37:14,150 INFO o.a.j.JMeter: Loading system properties from: system.properties
2019-05-09 04:37:14,156 INFO o.a.j.JMeter: Copyright (c) 1998-2019 The Apache Software Foundation
2019-05-09 04:37:14,156 INFO o.a.j.JMeter: Version 5.1.1 r1855137
2019-05-09 04:37:14,156 INFO o.a.j.JMeter: java.version=1.8.0_201
2019-05-09 04:37:14,156 INFO o.a.j.JMeter: java.vm.name=OpenJDK 64-Bit Server VM
2019-05-09 04:37:14,156 INFO o.a.j.JMeter: os.name=Linux
2019-05-09 04:37:14,157 INFO o.a.j.JMeter: os.arch=amd64
2019-05-09 04:37:14,157 INFO o.a.j.JMeter: os.version=3.10.0-957.el7.x86_64
2019-05-09 04:37:14,157 INFO o.a.j.JMeter: file.encoding=UTF-8
2019-05-09 04:37:14,157 INFO o.a.j.JMeter: java.awt.headless=null
2019-05-09 04:37:14,157 INFO o.a.j.JMeter: Max memory     =1823473664
2019-05-09 04:37:14,157 INFO o.a.j.JMeter: Available Processors =2
2019-05-09 04:37:14,164 INFO o.a.j.JMeter: Default Locale=English (United States)
2019-05-09 04:37:14,165 INFO o.a.j.JMeter: JMeter  Locale=English (United States)
2019-05-09 04:37:14,165 INFO o.a.j.JMeter: JMeterHome=/home/sam/challenges/5_Jmeter/cinema/jmeter
2019-05-09 04:37:14,165 INFO o.a.j.JMeter: user.dir  =/home/sam/challenges/5_Jmeter/cinema/jmeter/bin
2019-05-09 04:37:14,165 INFO o.a.j.JMeter: PWD       =/home/sam/challenges/5_Jmeter/cinema/jmeter/bin
2019-05-09 04:37:14,166 INFO o.a.j.JMeter: IP: 127.0.0.1 Name: localhost FullName: localhost
2019-05-09 04:37:15,602 INFO o.a.j.g.a.LookAndFeelCommand: Installing Darcula LAF
2019-05-09 04:37:15,651 INFO o.a.j.g.a.LookAndFeelCommand: Using look and feel: com.bulenkov.darcula.DarculaLaf [Darcula]
2019-05-09 04:37:15,652 INFO o.a.j.JMeter: Setting LAF to: com.bulenkov.darcula.DarculaLaf
2019-05-09 04:37:15,851 INFO o.a.j.JMeter: Loaded icon properties from org/apache/jmeter/images/icon.properties
2019-05-09 04:37:18,220 INFO o.a.j.p.h.s.HTTPSamplerBase: Parser for text/html is org.apache.jmeter.protocol.http.parser.LagartoBasedHtmlParser
2019-05-09 04:37:18,222 INFO o.a.j.p.h.s.HTTPSamplerBase: Parser for application/xhtml+xml is org.apache.jmeter.protocol.http.parser.LagartoBasedHtmlParser
2019-05-09 04:37:18,222 INFO o.a.j.p.h.s.HTTPSamplerBase: Parser for application/xml is org.apache.jmeter.protocol.http.parser.LagartoBasedHtmlParser
2019-05-09 04:37:18,222 INFO o.a.j.p.h.s.HTTPSamplerBase: Parser for text/xml is org.apache.jmeter.protocol.http.parser.LagartoBasedHtmlParser
2019-05-09 04:37:18,222 INFO o.a.j.p.h.s.HTTPSamplerBase: Parser for text/vnd.wap.wml is org.apache.jmeter.protocol.http.parser.RegexpHTMLParser
2019-05-09 04:37:18,223 INFO o.a.j.p.h.s.HTTPSamplerBase: Parser for text/css is org.apache.jmeter.protocol.http.parser.CssParser
2019-05-09 04:37:18,660 INFO o.a.j.e.KeyToolUtils: keytool found at 'keytool'
2019-05-09 04:37:18,661 INFO o.a.j.p.h.p.ProxyControl: HTTP(S) Test Script Recorder SSL Proxy will use keys that support embedded 3rd party resources in file /home/sam/challenges/5_Jmeter/cinema/jmeter/bin/proxyserver.jks
2019-05-09 04:37:18,896 INFO o.a.j.s.FileServer: Default base='/home/sam/challenges/5_Jmeter/cinema/jmeter/bin'
2019-05-09 04:37:19,387 INFO o.a.j.s.SampleResult: Note: Sample TimeStamps are START times
2019-05-09 04:37:19,388 INFO o.a.j.s.SampleResult: sampleresult.default.encoding is set to ISO-8859-1
2019-05-09 04:37:19,388 INFO o.a.j.s.SampleResult: sampleresult.useNanoTime=true
2019-05-09 04:37:19,390 INFO o.a.j.s.SampleResult: sampleresult.nanoThreadSleep=5000
2019-05-09 04:37:19,419 INFO o.a.j.v.ViewResultsFullVisualizer: Add JavaFX to your Java installation if you want to use renderer: org.apache.jmeter.visualizers.RenderInBrowser
2019-05-09 04:57:55,180 INFO o.a.j.g.a.Load: Loading file: /home/sam/challenges/5_Jmeter/cinema/src/test/jmeter/Cinema.jmx
2019-05-09 04:57:55,180 INFO o.a.j.s.FileServer: Set new base='/home/sam/challenges/5_Jmeter/cinema/src/test/jmeter'
2019-05-09 04:57:55,363 INFO o.a.j.s.SaveService: Testplan (JMX) version: 2.2. Testlog (JTL) version: 2.2
2019-05-09 04:57:55,398 INFO o.a.j.s.SaveService: Using SaveService properties file encoding UTF-8
2019-05-09 04:57:55,400 INFO o.a.j.s.SaveService: Using SaveService properties version 5.0
2019-05-09 04:57:55,407 INFO o.a.j.s.SaveService: Loading file: /home/sam/challenges/5_Jmeter/cinema/src/test/jmeter/Cinema.jmx
2019-05-09 04:57:55,525 INFO o.a.j.v.ViewResultsFullVisualizer: Add JavaFX to your Java installation if you want to use renderer: org.apache.jmeter.visualizers.RenderInBrowser
2019-05-09 04:57:55,567 INFO o.a.j.s.FileServer: Set new base='/home/sam/challenges/5_Jmeter/cinema/src/test/jmeter'
