2019-05-20 16:06:04,069 INFO o.a.j.u.JMeterUtils: Setting Locale to en_US
2019-05-20 16:06:04,127 INFO o.a.j.JMeter: Loading system properties from: system.properties
2019-05-20 16:06:04,134 INFO o.a.j.JMeter: Copyright (c) 1998-2019 The Apache Software Foundation
2019-05-20 16:06:04,134 INFO o.a.j.JMeter: Version 5.1.1 r1855137
2019-05-20 16:06:04,134 INFO o.a.j.JMeter: java.version=1.8.0_201
2019-05-20 16:06:04,134 INFO o.a.j.JMeter: java.vm.name=OpenJDK 64-Bit Server VM
2019-05-20 16:06:04,134 INFO o.a.j.JMeter: os.name=Linux
2019-05-20 16:06:04,134 INFO o.a.j.JMeter: os.arch=amd64
2019-05-20 16:06:04,134 INFO o.a.j.JMeter: os.version=3.10.0-957.el7.x86_64
2019-05-20 16:06:04,134 INFO o.a.j.JMeter: file.encoding=UTF-8
2019-05-20 16:06:04,135 INFO o.a.j.JMeter: java.awt.headless=null
2019-05-20 16:06:04,135 INFO o.a.j.JMeter: Max memory     =514850816
2019-05-20 16:06:04,135 INFO o.a.j.JMeter: Available Processors =2
2019-05-20 16:06:04,141 INFO o.a.j.JMeter: Default Locale=English (United States)
2019-05-20 16:06:04,142 INFO o.a.j.JMeter: JMeter  Locale=English (United States)
2019-05-20 16:06:04,142 INFO o.a.j.JMeter: JMeterHome=/home/sam/challenges/5_Jmeter/cinema/target/jmeter
2019-05-20 16:06:04,142 INFO o.a.j.JMeter: user.dir  =/home/sam/challenges/5_Jmeter/cinema/target/jmeter/bin
2019-05-20 16:06:04,142 INFO o.a.j.JMeter: PWD       =/home/sam/challenges/5_Jmeter/cinema/target/jmeter/bin
2019-05-20 16:06:04,144 INFO o.a.j.JMeter: IP: 127.0.0.1 Name: localhost FullName: localhost
2019-05-20 16:06:05,685 INFO o.a.j.g.a.LookAndFeelCommand: Installing Darcula LAF
2019-05-20 16:06:05,760 INFO o.a.j.g.a.LookAndFeelCommand: Using look and feel: com.bulenkov.darcula.DarculaLaf [Darcula]
2019-05-20 16:06:05,761 INFO o.a.j.JMeter: Setting LAF to: com.bulenkov.darcula.DarculaLaf
2019-05-20 16:06:05,761 WARN o.a.j.JMeter: Could not set LAF to: com.bulenkov.darcula.DarculaLaf
java.lang.ClassNotFoundException: com.bulenkov.darcula.DarculaLaf
	at java.net.URLClassLoader.findClass(URLClassLoader.java:382) ~[?:1.8.0_201]
	at java.lang.ClassLoader.loadClass(ClassLoader.java:424) ~[?:1.8.0_201]
	at java.lang.ClassLoader.loadClass(ClassLoader.java:357) ~[?:1.8.0_201]
	at java.lang.Class.forName0(Native Method) ~[?:1.8.0_201]
	at java.lang.Class.forName(Class.java:348) ~[?:1.8.0_201]
	at javax.swing.SwingUtilities.loadSystemClass(SwingUtilities.java:1879) ~[?:1.8.0_201]
	at javax.swing.UIManager.setLookAndFeel(UIManager.java:582) ~[?:1.8.0_201]
	at org.apache.jmeter.JMeter.startGui(JMeter.java:380) [ApacheJMeter_core-5.1.1.jar:5.1.1 r1855137]
	at org.apache.jmeter.JMeter.start(JMeter.java:544) [ApacheJMeter_core-5.1.1.jar:5.1.1 r1855137]
	at sun.reflect.NativeMethodAccessorImpl.invoke0(Native Method) ~[?:1.8.0_201]
	at sun.reflect.NativeMethodAccessorImpl.invoke(NativeMethodAccessorImpl.java:62) ~[?:1.8.0_201]
	at sun.reflect.DelegatingMethodAccessorImpl.invoke(DelegatingMethodAccessorImpl.java:43) ~[?:1.8.0_201]
	at java.lang.reflect.Method.invoke(Method.java:498) ~[?:1.8.0_201]
	at org.apache.jmeter.NewDriver.main(NewDriver.java:253) [ApacheJMeter-5.1.1.jar:5.1.1 r1855137]
2019-05-20 16:06:05,772 INFO o.a.j.JMeter: Loaded icon properties from org/apache/jmeter/images/icon.properties
2019-05-20 16:06:09,674 INFO o.a.j.p.h.s.HTTPSamplerBase: Parser for text/html is org.apache.jmeter.protocol.http.parser.LagartoBasedHtmlParser
2019-05-20 16:06:09,675 INFO o.a.j.p.h.s.HTTPSamplerBase: Parser for application/xhtml+xml is org.apache.jmeter.protocol.http.parser.LagartoBasedHtmlParser
2019-05-20 16:06:09,676 INFO o.a.j.p.h.s.HTTPSamplerBase: Parser for application/xml is org.apache.jmeter.protocol.http.parser.LagartoBasedHtmlParser
2019-05-20 16:06:09,676 INFO o.a.j.p.h.s.HTTPSamplerBase: Parser for text/xml is org.apache.jmeter.protocol.http.parser.LagartoBasedHtmlParser
2019-05-20 16:06:09,676 INFO o.a.j.p.h.s.HTTPSamplerBase: Parser for text/vnd.wap.wml is org.apache.jmeter.protocol.http.parser.RegexpHTMLParser
2019-05-20 16:06:09,676 INFO o.a.j.p.h.s.HTTPSamplerBase: Parser for text/css is org.apache.jmeter.protocol.http.parser.CssParser
2019-05-20 16:06:10,552 INFO o.a.j.e.KeyToolUtils: keytool found at 'keytool'
2019-05-20 16:06:10,553 INFO o.a.j.p.h.p.ProxyControl: HTTP(S) Test Script Recorder SSL Proxy will use keys that support embedded 3rd party resources in file /home/sam/challenges/5_Jmeter/cinema/target/jmeter/bin/proxyserver.jks
2019-05-20 16:06:10,946 INFO o.a.j.s.FileServer: Default base='/home/sam/challenges/5_Jmeter/cinema/target/jmeter/bin'
2019-05-20 16:06:11,637 INFO o.a.j.s.SampleResult: Note: Sample TimeStamps are START times
2019-05-20 16:06:11,637 INFO o.a.j.s.SampleResult: sampleresult.default.encoding is set to ISO-8859-1
2019-05-20 16:06:11,637 INFO o.a.j.s.SampleResult: sampleresult.useNanoTime=true
2019-05-20 16:06:11,638 INFO o.a.j.s.SampleResult: sampleresult.nanoThreadSleep=5000
2019-05-20 16:06:11,672 INFO o.a.j.v.ViewResultsFullVisualizer: Add JavaFX to your Java installation if you want to use renderer: org.apache.jmeter.visualizers.RenderInBrowser
2019-05-20 16:06:47,892 INFO o.a.j.g.a.Load: Loading file: /home/sam/challenges/5_Jmeter/cinema/src/test/jmeter/Cinema.jmx
2019-05-20 16:06:47,893 INFO o.a.j.s.FileServer: Set new base='/home/sam/challenges/5_Jmeter/cinema/src/test/jmeter'
2019-05-20 16:06:48,173 INFO o.a.j.s.SaveService: Testplan (JMX) version: 2.2. Testlog (JTL) version: 2.2
2019-05-20 16:06:48,231 INFO o.a.j.s.SaveService: Using SaveService properties file encoding UTF-8
2019-05-20 16:06:48,234 INFO o.a.j.s.SaveService: Using SaveService properties version 5.0
2019-05-20 16:06:48,256 INFO o.a.j.s.SaveService: Loading file: /home/sam/challenges/5_Jmeter/cinema/src/test/jmeter/Cinema.jmx
2019-05-20 16:06:48,442 INFO o.a.j.v.ViewResultsFullVisualizer: Add JavaFX to your Java installation if you want to use renderer: org.apache.jmeter.visualizers.RenderInBrowser
2019-05-20 16:06:48,541 INFO o.a.j.s.FileServer: Set new base='/home/sam/challenges/5_Jmeter/cinema/src/test/jmeter'
2019-05-20 16:19:09,254 INFO o.a.j.e.StandardJMeterEngine: Running the test!
2019-05-20 16:19:09,257 INFO o.a.j.s.SampleEvent: List of sample_variables: []
2019-05-20 16:19:09,258 INFO o.a.j.s.SampleEvent: List of sample_variables: []
2019-05-20 16:19:09,263 INFO o.a.j.e.u.CompoundVariable: Note: Function class names must contain the string: '.functions.'
2019-05-20 16:19:09,264 INFO o.a.j.e.u.CompoundVariable: Note: Function class names must not contain the string: '.gui.'
2019-05-20 16:19:10,017 INFO o.a.j.g.u.JMeterMenuBar: setRunning(true, *local*)
2019-05-20 16:19:10,379 INFO o.a.j.e.StandardJMeterEngine: Starting ThreadGroup: 1 : Users
2019-05-20 16:19:10,380 INFO o.a.j.e.StandardJMeterEngine: Starting 100 threads for group Users.
2019-05-20 16:19:10,380 INFO o.a.j.e.StandardJMeterEngine: Thread will continue on error
2019-05-20 16:19:10,380 INFO o.a.j.t.ThreadGroup: Starting thread group... number=1 threads=100 ramp-up=2 delayedStart=false
2019-05-20 16:19:10,442 INFO o.a.j.t.ThreadGroup: Started thread group number 1
2019-05-20 16:19:10,443 INFO o.a.j.e.StandardJMeterEngine: All thread groups have been started
2019-05-20 16:19:10,465 INFO o.a.j.t.JMeterThread: Thread started: Users 1-1
2019-05-20 16:19:10,481 INFO o.a.j.t.JMeterThread: Thread started: Users 1-2
2019-05-20 16:19:10,507 INFO o.a.j.p.h.s.HTTPHCAbstractImpl: Local host = localhost
2019-05-20 16:19:10,510 INFO o.a.j.t.JMeterThread: Thread started: Users 1-3
2019-05-20 16:19:10,526 INFO o.a.j.t.JMeterThread: Thread started: Users 1-4
2019-05-20 16:19:10,532 INFO o.a.j.p.h.s.HTTPHC4Impl: HTTP request retry count = 0
2019-05-20 16:19:10,539 INFO o.a.j.t.JMeterThread: Thread started: Users 1-5
2019-05-20 16:19:10,562 INFO o.a.j.t.JMeterThread: Thread started: Users 1-6
2019-05-20 16:19:10,577 INFO o.a.j.t.JMeterThread: Thread started: Users 1-7
2019-05-20 16:19:10,593 INFO o.a.j.t.JMeterThread: Thread started: Users 1-8
2019-05-20 16:19:10,611 INFO o.a.j.t.JMeterThread: Thread started: Users 1-9
2019-05-20 16:19:10,631 INFO o.a.j.t.JMeterThread: Thread started: Users 1-10
2019-05-20 16:19:10,650 INFO o.a.j.t.JMeterThread: Thread started: Users 1-11
2019-05-20 16:19:10,677 INFO o.a.j.t.JMeterThread: Thread started: Users 1-12
2019-05-20 16:19:10,698 INFO o.a.j.t.JMeterThread: Thread started: Users 1-13
2019-05-20 16:19:10,708 INFO o.a.j.t.JMeterThread: Thread started: Users 1-14
2019-05-20 16:19:10,728 INFO o.a.j.t.JMeterThread: Thread started: Users 1-15
2019-05-20 16:19:10,752 INFO o.a.j.t.JMeterThread: Thread started: Users 1-16
2019-05-20 16:19:10,766 INFO o.a.j.t.JMeterThread: Thread started: Users 1-17
2019-05-20 16:19:10,786 INFO o.a.j.t.JMeterThread: Thread started: Users 1-18
2019-05-20 16:19:10,812 INFO o.a.j.t.JMeterThread: Thread started: Users 1-19
2019-05-20 16:19:10,822 INFO o.a.j.t.JMeterThread: Thread started: Users 1-20
2019-05-20 16:19:10,844 INFO o.a.j.t.JMeterThread: Thread started: Users 1-21
2019-05-20 16:19:10,869 INFO o.a.j.t.JMeterThread: Thread started: Users 1-22
2019-05-20 16:19:10,886 INFO o.a.j.t.JMeterThread: Thread started: Users 1-23
2019-05-20 16:19:10,912 INFO o.a.j.t.JMeterThread: Thread started: Users 1-24
2019-05-20 16:19:10,926 INFO o.a.j.t.JMeterThread: Thread started: Users 1-25
2019-05-20 16:19:10,951 INFO o.a.j.t.JMeterThread: Thread started: Users 1-26
2019-05-20 16:19:10,970 INFO o.a.j.t.JMeterThread: Thread started: Users 1-27
2019-05-20 16:19:10,983 INFO o.a.j.t.JMeterThread: Thread started: Users 1-28
2019-05-20 16:19:11,009 INFO o.a.j.t.JMeterThread: Thread started: Users 1-29
2019-05-20 16:19:11,022 INFO o.a.j.t.JMeterThread: Thread started: Users 1-30
2019-05-20 16:19:11,044 INFO o.a.j.t.JMeterThread: Thread started: Users 1-31
2019-05-20 16:19:11,059 INFO o.a.j.t.JMeterThread: Thread started: Users 1-32
2019-05-20 16:19:11,089 INFO o.a.j.t.JMeterThread: Thread started: Users 1-33
2019-05-20 16:19:11,107 INFO o.a.j.t.JMeterThread: Thread started: Users 1-34
2019-05-20 16:19:11,128 INFO o.a.j.t.JMeterThread: Thread started: Users 1-35
2019-05-20 16:19:11,142 INFO o.a.j.t.JMeterThread: Thread started: Users 1-36
2019-05-20 16:19:11,160 INFO o.a.j.t.JMeterThread: Thread started: Users 1-37
2019-05-20 16:19:11,177 INFO o.a.j.t.JMeterThread: Thread started: Users 1-38
2019-05-20 16:19:11,202 INFO o.a.j.t.JMeterThread: Thread started: Users 1-39
2019-05-20 16:19:11,225 INFO o.a.j.t.JMeterThread: Thread started: Users 1-40
2019-05-20 16:19:11,234 INFO o.a.j.t.JMeterThread: Thread started: Users 1-41
2019-05-20 16:19:11,263 INFO o.a.j.t.JMeterThread: Thread started: Users 1-42
2019-05-20 16:19:11,284 INFO o.a.j.t.JMeterThread: Thread started: Users 1-43
2019-05-20 16:19:11,302 INFO o.a.j.t.JMeterThread: Thread started: Users 1-44
2019-05-20 16:19:11,319 INFO o.a.j.t.JMeterThread: Thread started: Users 1-45
2019-05-20 16:19:11,332 INFO o.a.j.t.JMeterThread: Thread started: Users 1-46
2019-05-20 16:19:11,359 INFO o.a.j.t.JMeterThread: Thread started: Users 1-47
2019-05-20 16:19:11,373 INFO o.a.j.t.JMeterThread: Thread started: Users 1-48
2019-05-20 16:19:11,391 INFO o.a.j.t.JMeterThread: Thread started: Users 1-49
2019-05-20 16:19:11,416 INFO o.a.j.t.JMeterThread: Thread started: Users 1-50
2019-05-20 16:19:11,429 INFO o.a.j.t.JMeterThread: Thread started: Users 1-51
2019-05-20 16:19:11,451 INFO o.a.j.t.JMeterThread: Thread started: Users 1-52
2019-05-20 16:19:11,477 INFO o.a.j.t.JMeterThread: Thread started: Users 1-53
2019-05-20 16:19:11,495 INFO o.a.j.t.JMeterThread: Thread started: Users 1-54
2019-05-20 16:19:11,509 INFO o.a.j.t.JMeterThread: Thread started: Users 1-55
2019-05-20 16:19:11,535 INFO o.a.j.t.JMeterThread: Thread started: Users 1-56
2019-05-20 16:19:11,553 INFO o.a.j.t.JMeterThread: Thread started: Users 1-57
2019-05-20 16:19:11,571 INFO o.a.j.t.JMeterThread: Thread started: Users 1-58
2019-05-20 16:19:11,595 INFO o.a.j.t.JMeterThread: Thread started: Users 1-59
2019-05-20 16:19:11,613 INFO o.a.j.t.JMeterThread: Thread started: Users 1-60
2019-05-20 16:19:11,626 INFO o.a.j.t.JMeterThread: Thread started: Users 1-61
2019-05-20 16:19:11,653 INFO o.a.j.t.JMeterThread: Thread started: Users 1-62
2019-05-20 16:19:11,670 INFO o.a.j.t.JMeterThread: Thread started: Users 1-63
2019-05-20 16:19:11,694 INFO o.a.j.t.JMeterThread: Thread started: Users 1-64
2019-05-20 16:19:11,707 INFO o.a.j.t.JMeterThread: Thread started: Users 1-65
2019-05-20 16:19:11,724 INFO o.a.j.t.JMeterThread: Thread started: Users 1-66
2019-05-20 16:19:11,752 INFO o.a.j.t.JMeterThread: Thread started: Users 1-67
2019-05-20 16:19:11,773 INFO o.a.j.t.JMeterThread: Thread started: Users 1-68
2019-05-20 16:19:11,786 INFO o.a.j.t.JMeterThread: Thread started: Users 1-69
2019-05-20 16:19:11,811 INFO o.a.j.t.JMeterThread: Thread started: Users 1-70
2019-05-20 16:19:11,824 INFO o.a.j.t.JMeterThread: Thread started: Users 1-71
2019-05-20 16:19:11,845 INFO o.a.j.t.JMeterThread: Thread started: Users 1-72
2019-05-20 16:19:11,869 INFO o.a.j.t.JMeterThread: Thread started: Users 1-73
2019-05-20 16:19:11,890 INFO o.a.j.t.JMeterThread: Thread started: Users 1-74
2019-05-20 16:19:11,906 INFO o.a.j.t.JMeterThread: Thread started: Users 1-75
2019-05-20 16:19:11,926 INFO o.a.j.t.JMeterThread: Thread started: Users 1-76
2019-05-20 16:19:11,940 INFO o.a.j.t.JMeterThread: Thread started: Users 1-77
2019-05-20 16:19:11,967 INFO o.a.j.t.JMeterThread: Thread started: Users 1-78
2019-05-20 16:19:11,979 INFO o.a.j.t.JMeterThread: Thread started: Users 1-79
2019-05-20 16:19:12,004 INFO o.a.j.t.JMeterThread: Thread started: Users 1-80
2019-05-20 16:19:12,028 INFO o.a.j.t.JMeterThread: Thread started: Users 1-81
2019-05-20 16:19:12,043 INFO o.a.j.t.JMeterThread: Thread started: Users 1-82
2019-05-20 16:19:12,064 INFO o.a.j.t.JMeterThread: Thread started: Users 1-83
2019-05-20 16:19:12,086 INFO o.a.j.t.JMeterThread: Thread started: Users 1-84
2019-05-20 16:19:12,100 INFO o.a.j.t.JMeterThread: Thread started: Users 1-85
2019-05-20 16:19:12,121 INFO o.a.j.t.JMeterThread: Thread started: Users 1-86
2019-05-20 16:19:12,142 INFO o.a.j.t.JMeterThread: Thread started: Users 1-87
2019-05-20 16:19:12,157 INFO o.a.j.t.JMeterThread: Thread started: Users 1-88
2019-05-20 16:19:12,184 INFO o.a.j.t.JMeterThread: Thread started: Users 1-89
2019-05-20 16:19:12,205 INFO o.a.j.t.JMeterThread: Thread started: Users 1-90
2019-05-20 16:19:12,220 INFO o.a.j.t.JMeterThread: Thread started: Users 1-91
2019-05-20 16:19:12,234 INFO o.a.j.t.JMeterThread: Thread started: Users 1-92
2019-05-20 16:19:12,272 INFO o.a.j.t.JMeterThread: Thread started: Users 1-93
2019-05-20 16:19:12,275 INFO o.a.j.t.JMeterThread: Thread started: Users 1-94
2019-05-20 16:19:12,299 INFO o.a.j.t.JMeterThread: Thread started: Users 1-95
2019-05-20 16:19:12,313 INFO o.a.j.t.JMeterThread: Thread started: Users 1-96
2019-05-20 16:19:12,342 INFO o.a.j.t.JMeterThread: Thread started: Users 1-97
2019-05-20 16:19:12,357 INFO o.a.j.t.JMeterThread: Thread started: Users 1-98
2019-05-20 16:19:12,379 INFO o.a.j.t.JMeterThread: Thread started: Users 1-99
2019-05-20 16:19:12,446 INFO o.a.j.t.JMeterThread: Thread started: Users 1-100
2019-05-20 16:19:14,321 INFO o.a.j.u.JsseSSLManager: Using default SSL protocol: TLS
2019-05-20 16:19:14,321 INFO o.a.j.u.JsseSSLManager: SSL session context: per-thread
2019-05-20 16:19:17,789 INFO o.a.j.t.JMeterThread: Thread is done: Users 1-67
2019-05-20 16:19:17,789 INFO o.a.j.t.JMeterThread: Thread finished: Users 1-67
2019-05-20 16:19:17,961 INFO o.a.j.t.JMeterThread: Thread is done: Users 1-80
2019-05-20 16:19:17,961 INFO o.a.j.t.JMeterThread: Thread finished: Users 1-80
2019-05-20 16:19:18,633 INFO o.a.j.t.JMeterThread: Thread is done: Users 1-70
2019-05-20 16:19:18,633 INFO o.a.j.t.JMeterThread: Thread finished: Users 1-70
2019-05-20 16:19:18,661 INFO o.a.j.t.JMeterThread: Thread is done: Users 1-92
2019-05-20 16:19:18,662 INFO o.a.j.t.JMeterThread: Thread finished: Users 1-92
2019-05-20 16:19:18,680 INFO o.a.j.t.JMeterThread: Thread is done: Users 1-40
2019-05-20 16:19:18,680 INFO o.a.j.t.JMeterThread: Thread finished: Users 1-40
2019-05-20 16:19:18,693 INFO o.a.j.t.JMeterThread: Thread is done: Users 1-15
2019-05-20 16:19:18,693 INFO o.a.j.t.JMeterThread: Thread finished: Users 1-15
2019-05-20 16:19:18,697 INFO o.a.j.t.JMeterThread: Thread is done: Users 1-78
2019-05-20 16:19:18,697 INFO o.a.j.t.JMeterThread: Thread finished: Users 1-78
2019-05-20 16:19:18,785 INFO o.a.j.t.JMeterThread: Thread is done: Users 1-26
2019-05-20 16:19:18,785 INFO o.a.j.t.JMeterThread: Thread finished: Users 1-26
2019-05-20 16:19:18,972 INFO o.a.j.t.JMeterThread: Thread is done: Users 1-45
2019-05-20 16:19:18,972 INFO o.a.j.t.JMeterThread: Thread finished: Users 1-45
2019-05-20 16:19:19,053 INFO o.a.j.t.JMeterThread: Thread is done: Users 1-51
2019-05-20 16:19:19,053 INFO o.a.j.t.JMeterThread: Thread finished: Users 1-51
2019-05-20 16:19:19,150 INFO o.a.j.t.JMeterThread: Thread is done: Users 1-33
2019-05-20 16:19:19,150 INFO o.a.j.t.JMeterThread: Thread finished: Users 1-33
2019-05-20 16:19:19,169 INFO o.a.j.t.JMeterThread: Thread is done: Users 1-100
2019-05-20 16:19:19,169 INFO o.a.j.t.JMeterThread: Thread finished: Users 1-100
2019-05-20 16:19:19,175 INFO o.a.j.t.JMeterThread: Thread is done: Users 1-20
2019-05-20 16:19:19,175 INFO o.a.j.t.JMeterThread: Thread finished: Users 1-20
2019-05-20 16:19:19,178 INFO o.a.j.t.JMeterThread: Thread is done: Users 1-54
2019-05-20 16:19:19,178 INFO o.a.j.t.JMeterThread: Thread finished: Users 1-54
2019-05-20 16:19:19,185 INFO o.a.j.t.JMeterThread: Thread is done: Users 1-21
2019-05-20 16:19:19,185 INFO o.a.j.t.JMeterThread: Thread finished: Users 1-21
2019-05-20 16:19:19,247 INFO o.a.j.t.JMeterThread: Thread is done: Users 1-38
2019-05-20 16:19:19,247 INFO o.a.j.t.JMeterThread: Thread finished: Users 1-38
2019-05-20 16:19:19,271 INFO o.a.j.t.JMeterThread: Thread is done: Users 1-91
2019-05-20 16:19:19,271 INFO o.a.j.t.JMeterThread: Thread finished: Users 1-91
2019-05-20 16:19:19,280 INFO o.a.j.t.JMeterThread: Thread is done: Users 1-8
2019-05-20 16:19:19,280 INFO o.a.j.t.JMeterThread: Thread finished: Users 1-8
2019-05-20 16:19:19,281 INFO o.a.j.t.JMeterThread: Thread is done: Users 1-89
2019-05-20 16:19:19,281 INFO o.a.j.t.JMeterThread: Thread finished: Users 1-89
2019-05-20 16:19:19,281 INFO o.a.j.t.JMeterThread: Thread is done: Users 1-50
2019-05-20 16:19:19,281 INFO o.a.j.t.JMeterThread: Thread finished: Users 1-50
2019-05-20 16:19:19,284 INFO o.a.j.t.JMeterThread: Thread is done: Users 1-72
2019-05-20 16:19:19,285 INFO o.a.j.t.JMeterThread: Thread finished: Users 1-72
2019-05-20 16:19:19,286 INFO o.a.j.t.JMeterThread: Thread is done: Users 1-4
2019-05-20 16:19:19,286 INFO o.a.j.t.JMeterThread: Thread finished: Users 1-4
2019-05-20 16:19:19,289 INFO o.a.j.t.JMeterThread: Thread is done: Users 1-69
2019-05-20 16:19:19,289 INFO o.a.j.t.JMeterThread: Thread finished: Users 1-69
2019-05-20 16:19:19,296 INFO o.a.j.t.JMeterThread: Thread is done: Users 1-60
2019-05-20 16:19:19,296 INFO o.a.j.t.JMeterThread: Thread finished: Users 1-60
2019-05-20 16:19:19,299 INFO o.a.j.t.JMeterThread: Thread is done: Users 1-18
2019-05-20 16:19:19,299 INFO o.a.j.t.JMeterThread: Thread finished: Users 1-18
2019-05-20 16:19:19,302 INFO o.a.j.t.JMeterThread: Thread is done: Users 1-46
2019-05-20 16:19:19,303 INFO o.a.j.t.JMeterThread: Thread finished: Users 1-46
2019-05-20 16:19:19,461 INFO o.a.j.t.JMeterThread: Thread is done: Users 1-83
2019-05-20 16:19:19,461 INFO o.a.j.t.JMeterThread: Thread finished: Users 1-83
2019-05-20 16:19:19,488 INFO o.a.j.t.JMeterThread: Thread is done: Users 1-86
2019-05-20 16:19:19,489 INFO o.a.j.t.JMeterThread: Thread finished: Users 1-86
2019-05-20 16:19:19,507 INFO o.a.j.t.JMeterThread: Thread is done: Users 1-82
2019-05-20 16:19:19,507 INFO o.a.j.t.JMeterThread: Thread finished: Users 1-82
2019-05-20 16:19:19,720 INFO o.a.j.t.JMeterThread: Thread is done: Users 1-44
2019-05-20 16:19:19,721 INFO o.a.j.t.JMeterThread: Thread finished: Users 1-44
2019-05-20 16:19:19,731 INFO o.a.j.t.JMeterThread: Thread is done: Users 1-81
2019-05-20 16:19:19,731 INFO o.a.j.t.JMeterThread: Thread finished: Users 1-81
2019-05-20 16:19:19,732 INFO o.a.j.t.JMeterThread: Thread is done: Users 1-55
2019-05-20 16:19:19,732 INFO o.a.j.t.JMeterThread: Thread finished: Users 1-55
2019-05-20 16:19:19,737 INFO o.a.j.t.JMeterThread: Thread is done: Users 1-16
2019-05-20 16:19:19,737 INFO o.a.j.t.JMeterThread: Thread finished: Users 1-16
2019-05-20 16:19:19,739 INFO o.a.j.t.JMeterThread: Thread is done: Users 1-39
2019-05-20 16:19:19,740 INFO o.a.j.t.JMeterThread: Thread finished: Users 1-39
2019-05-20 16:19:19,744 INFO o.a.j.t.JMeterThread: Thread is done: Users 1-68
2019-05-20 16:19:19,744 INFO o.a.j.t.JMeterThread: Thread finished: Users 1-68
2019-05-20 16:19:19,744 INFO o.a.j.t.JMeterThread: Thread is done: Users 1-62
2019-05-20 16:19:19,744 INFO o.a.j.t.JMeterThread: Thread finished: Users 1-62
2019-05-20 16:19:19,746 INFO o.a.j.t.JMeterThread: Thread is done: Users 1-47
2019-05-20 16:19:19,747 INFO o.a.j.t.JMeterThread: Thread finished: Users 1-47
2019-05-20 16:19:19,752 INFO o.a.j.t.JMeterThread: Thread is done: Users 1-5
2019-05-20 16:19:19,752 INFO o.a.j.t.JMeterThread: Thread finished: Users 1-5
2019-05-20 16:19:19,760 INFO o.a.j.t.JMeterThread: Thread is done: Users 1-48
2019-05-20 16:19:19,760 INFO o.a.j.t.JMeterThread: Thread finished: Users 1-48
2019-05-20 16:19:19,763 INFO o.a.j.t.JMeterThread: Thread is done: Users 1-85
2019-05-20 16:19:19,764 INFO o.a.j.t.JMeterThread: Thread finished: Users 1-85
2019-05-20 16:19:19,764 INFO o.a.j.t.JMeterThread: Thread is done: Users 1-12
2019-05-20 16:19:19,765 INFO o.a.j.t.JMeterThread: Thread finished: Users 1-12
2019-05-20 16:19:19,765 INFO o.a.j.t.JMeterThread: Thread is done: Users 1-35
2019-05-20 16:19:19,780 INFO o.a.j.t.JMeterThread: Thread is done: Users 1-87
2019-05-20 16:19:19,780 INFO o.a.j.t.JMeterThread: Thread finished: Users 1-87
2019-05-20 16:19:19,839 INFO o.a.j.t.JMeterThread: Thread is done: Users 1-90
2019-05-20 16:19:19,839 INFO o.a.j.t.JMeterThread: Thread finished: Users 1-90
2019-05-20 16:19:19,856 INFO o.a.j.t.JMeterThread: Thread is done: Users 1-84
2019-05-20 16:19:19,856 INFO o.a.j.t.JMeterThread: Thread finished: Users 1-84
2019-05-20 16:19:19,861 INFO o.a.j.t.JMeterThread: Thread is done: Users 1-73
2019-05-20 16:19:19,862 INFO o.a.j.t.JMeterThread: Thread finished: Users 1-73
2019-05-20 16:19:19,877 INFO o.a.j.t.JMeterThread: Thread is done: Users 1-11
2019-05-20 16:19:19,877 INFO o.a.j.t.JMeterThread: Thread finished: Users 1-11
2019-05-20 16:19:19,908 INFO o.a.j.t.JMeterThread: Thread is done: Users 1-3
2019-05-20 16:19:19,908 INFO o.a.j.t.JMeterThread: Thread finished: Users 1-3
2019-05-20 16:19:19,910 INFO o.a.j.t.JMeterThread: Thread is done: Users 1-58
2019-05-20 16:19:19,910 INFO o.a.j.t.JMeterThread: Thread finished: Users 1-58
2019-05-20 16:19:19,765 INFO o.a.j.t.JMeterThread: Thread finished: Users 1-35
2019-05-20 16:19:19,933 INFO o.a.j.t.JMeterThread: Thread is done: Users 1-64
2019-05-20 16:19:19,933 INFO o.a.j.t.JMeterThread: Thread finished: Users 1-64
2019-05-20 16:19:19,937 INFO o.a.j.t.JMeterThread: Thread is done: Users 1-49
2019-05-20 16:19:19,937 INFO o.a.j.t.JMeterThread: Thread finished: Users 1-49
2019-05-20 16:19:19,941 INFO o.a.j.t.JMeterThread: Thread is done: Users 1-61
2019-05-20 16:19:19,941 INFO o.a.j.t.JMeterThread: Thread finished: Users 1-61
2019-05-20 16:19:19,943 INFO o.a.j.t.JMeterThread: Thread is done: Users 1-99
2019-05-20 16:19:19,943 INFO o.a.j.t.JMeterThread: Thread finished: Users 1-99
2019-05-20 16:19:19,951 INFO o.a.j.t.JMeterThread: Thread is done: Users 1-6
2019-05-20 16:19:19,951 INFO o.a.j.t.JMeterThread: Thread finished: Users 1-6
2019-05-20 16:19:19,952 INFO o.a.j.t.JMeterThread: Thread is done: Users 1-95
2019-05-20 16:19:19,952 INFO o.a.j.t.JMeterThread: Thread finished: Users 1-95
2019-05-20 16:19:19,967 INFO o.a.j.t.JMeterThread: Thread is done: Users 1-66
2019-05-20 16:19:19,967 INFO o.a.j.t.JMeterThread: Thread finished: Users 1-66
2019-05-20 16:19:19,975 INFO o.a.j.t.JMeterThread: Thread is done: Users 1-88
2019-05-20 16:19:19,975 INFO o.a.j.t.JMeterThread: Thread finished: Users 1-88
2019-05-20 16:19:19,985 INFO o.a.j.t.JMeterThread: Thread is done: Users 1-57
2019-05-20 16:19:19,985 INFO o.a.j.t.JMeterThread: Thread finished: Users 1-57
2019-05-20 16:19:20,044 INFO o.a.j.t.JMeterThread: Thread is done: Users 1-9
2019-05-20 16:19:20,044 INFO o.a.j.t.JMeterThread: Thread finished: Users 1-9
2019-05-20 16:19:20,045 INFO o.a.j.t.JMeterThread: Thread is done: Users 1-14
2019-05-20 16:19:20,046 INFO o.a.j.t.JMeterThread: Thread finished: Users 1-14
2019-05-20 16:19:20,049 INFO o.a.j.t.JMeterThread: Thread is done: Users 1-30
2019-05-20 16:19:20,049 INFO o.a.j.t.JMeterThread: Thread finished: Users 1-30
2019-05-20 16:19:20,052 INFO o.a.j.t.JMeterThread: Thread is done: Users 1-65
2019-05-20 16:19:20,052 INFO o.a.j.t.JMeterThread: Thread finished: Users 1-65
2019-05-20 16:19:20,058 INFO o.a.j.t.JMeterThread: Thread is done: Users 1-71
2019-05-20 16:19:20,059 INFO o.a.j.t.JMeterThread: Thread finished: Users 1-71
2019-05-20 16:19:20,066 INFO o.a.j.t.JMeterThread: Thread is done: Users 1-41
2019-05-20 16:19:20,066 INFO o.a.j.t.JMeterThread: Thread finished: Users 1-41
2019-05-20 16:19:20,070 INFO o.a.j.t.JMeterThread: Thread is done: Users 1-10
2019-05-20 16:19:20,070 INFO o.a.j.t.JMeterThread: Thread finished: Users 1-10
2019-05-20 16:19:20,140 INFO o.a.j.t.JMeterThread: Thread is done: Users 1-24
2019-05-20 16:19:20,141 INFO o.a.j.t.JMeterThread: Thread finished: Users 1-24
2019-05-20 16:19:20,146 INFO o.a.j.t.JMeterThread: Thread is done: Users 1-32
2019-05-20 16:19:20,147 INFO o.a.j.t.JMeterThread: Thread finished: Users 1-32
2019-05-20 16:19:20,154 INFO o.a.j.t.JMeterThread: Thread is done: Users 1-43
2019-05-20 16:19:20,155 INFO o.a.j.t.JMeterThread: Thread finished: Users 1-43
2019-05-20 16:19:20,156 INFO o.a.j.t.JMeterThread: Thread is done: Users 1-79
2019-05-20 16:19:20,156 INFO o.a.j.t.JMeterThread: Thread finished: Users 1-79
2019-05-20 16:19:20,176 INFO o.a.j.t.JMeterThread: Thread is done: Users 1-56
2019-05-20 16:19:20,176 INFO o.a.j.t.JMeterThread: Thread finished: Users 1-56
2019-05-20 16:19:20,178 INFO o.a.j.t.JMeterThread: Thread is done: Users 1-93
2019-05-20 16:19:20,178 INFO o.a.j.t.JMeterThread: Thread finished: Users 1-93
2019-05-20 16:19:20,211 INFO o.a.j.t.JMeterThread: Thread is done: Users 1-23
2019-05-20 16:19:20,212 INFO o.a.j.t.JMeterThread: Thread finished: Users 1-23
2019-05-20 16:19:20,240 INFO o.a.j.t.JMeterThread: Thread is done: Users 1-31
2019-05-20 16:19:20,240 INFO o.a.j.t.JMeterThread: Thread finished: Users 1-31
2019-05-20 16:19:20,247 INFO o.a.j.t.JMeterThread: Thread is done: Users 1-59
2019-05-20 16:19:20,247 INFO o.a.j.t.JMeterThread: Thread finished: Users 1-59
2019-05-20 16:19:20,251 INFO o.a.j.t.JMeterThread: Thread is done: Users 1-74
2019-05-20 16:19:20,251 INFO o.a.j.t.JMeterThread: Thread finished: Users 1-74
2019-05-20 16:19:20,264 INFO o.a.j.t.JMeterThread: Thread is done: Users 1-22
2019-05-20 16:19:20,264 INFO o.a.j.t.JMeterThread: Thread finished: Users 1-22
2019-05-20 16:19:20,266 INFO o.a.j.t.JMeterThread: Thread is done: Users 1-98
2019-05-20 16:19:20,266 INFO o.a.j.t.JMeterThread: Thread finished: Users 1-98
2019-05-20 16:19:20,273 INFO o.a.j.t.JMeterThread: Thread is done: Users 1-28
2019-05-20 16:19:20,273 INFO o.a.j.t.JMeterThread: Thread finished: Users 1-28
2019-05-20 16:19:20,276 INFO o.a.j.t.JMeterThread: Thread is done: Users 1-63
2019-05-20 16:19:20,276 INFO o.a.j.t.JMeterThread: Thread is done: Users 1-19
2019-05-20 16:19:20,276 INFO o.a.j.t.JMeterThread: Thread finished: Users 1-63
2019-05-20 16:19:20,277 INFO o.a.j.t.JMeterThread: Thread finished: Users 1-19
2019-05-20 16:19:20,277 INFO o.a.j.t.JMeterThread: Thread is done: Users 1-77
2019-05-20 16:19:20,277 INFO o.a.j.t.JMeterThread: Thread finished: Users 1-77
2019-05-20 16:19:20,302 INFO o.a.j.t.JMeterThread: Thread is done: Users 1-7
2019-05-20 16:19:20,302 INFO o.a.j.t.JMeterThread: Thread finished: Users 1-7
2019-05-20 16:19:20,303 INFO o.a.j.t.JMeterThread: Thread is done: Users 1-75
2019-05-20 16:19:20,303 INFO o.a.j.t.JMeterThread: Thread finished: Users 1-75
2019-05-20 16:19:20,304 INFO o.a.j.t.JMeterThread: Thread is done: Users 1-13
2019-05-20 16:19:20,304 INFO o.a.j.t.JMeterThread: Thread finished: Users 1-13
2019-05-20 16:19:20,343 INFO o.a.j.t.JMeterThread: Thread is done: Users 1-27
2019-05-20 16:19:20,344 INFO o.a.j.t.JMeterThread: Thread finished: Users 1-27
2019-05-20 16:19:20,347 INFO o.a.j.t.JMeterThread: Thread is done: Users 1-29
2019-05-20 16:19:20,347 INFO o.a.j.t.JMeterThread: Thread finished: Users 1-29
2019-05-20 16:19:20,354 INFO o.a.j.t.JMeterThread: Thread is done: Users 1-36
2019-05-20 16:19:20,354 INFO o.a.j.t.JMeterThread: Thread finished: Users 1-36
2019-05-20 16:19:20,370 INFO o.a.j.t.JMeterThread: Thread is done: Users 1-53
2019-05-20 16:19:20,370 INFO o.a.j.t.JMeterThread: Thread finished: Users 1-53
2019-05-20 16:19:20,371 INFO o.a.j.t.JMeterThread: Thread is done: Users 1-17
2019-05-20 16:19:20,371 INFO o.a.j.t.JMeterThread: Thread finished: Users 1-17
2019-05-20 16:19:20,376 INFO o.a.j.t.JMeterThread: Thread is done: Users 1-52
2019-05-20 16:19:20,376 INFO o.a.j.t.JMeterThread: Thread finished: Users 1-52
2019-05-20 16:19:20,378 INFO o.a.j.t.JMeterThread: Thread is done: Users 1-94
2019-05-20 16:19:20,378 INFO o.a.j.t.JMeterThread: Thread finished: Users 1-94
2019-05-20 16:19:20,382 INFO o.a.j.t.JMeterThread: Thread is done: Users 1-42
2019-05-20 16:19:20,382 INFO o.a.j.t.JMeterThread: Thread finished: Users 1-42
2019-05-20 16:19:20,387 INFO o.a.j.t.JMeterThread: Thread is done: Users 1-37
2019-05-20 16:19:20,387 INFO o.a.j.t.JMeterThread: Thread finished: Users 1-37
2019-05-20 16:19:20,398 INFO o.a.j.t.JMeterThread: Thread is done: Users 1-97
2019-05-20 16:19:20,398 INFO o.a.j.t.JMeterThread: Thread finished: Users 1-97
2019-05-20 16:19:20,400 INFO o.a.j.t.JMeterThread: Thread is done: Users 1-25
2019-05-20 16:19:20,401 INFO o.a.j.t.JMeterThread: Thread finished: Users 1-25
2019-05-20 16:19:20,421 INFO o.a.j.t.JMeterThread: Thread is done: Users 1-2
2019-05-20 16:19:20,421 INFO o.a.j.t.JMeterThread: Thread finished: Users 1-2
2019-05-20 16:19:20,431 INFO o.a.j.t.JMeterThread: Thread is done: Users 1-34
2019-05-20 16:19:20,431 INFO o.a.j.t.JMeterThread: Thread finished: Users 1-34
2019-05-20 16:19:20,434 INFO o.a.j.t.JMeterThread: Thread is done: Users 1-96
2019-05-20 16:19:20,434 INFO o.a.j.t.JMeterThread: Thread finished: Users 1-96
2019-05-20 16:19:20,436 INFO o.a.j.t.JMeterThread: Thread is done: Users 1-1
2019-05-20 16:19:20,437 INFO o.a.j.t.JMeterThread: Thread finished: Users 1-1
2019-05-20 16:19:20,439 INFO o.a.j.t.JMeterThread: Thread is done: Users 1-76
2019-05-20 16:19:20,439 INFO o.a.j.t.JMeterThread: Thread finished: Users 1-76
2019-05-20 16:19:20,449 INFO o.a.j.e.StandardJMeterEngine: Notifying test listeners of end of test
2019-05-20 16:19:20,450 INFO o.a.j.g.u.JMeterMenuBar: setRunning(false, *local*)
